[09:14:50] [main/INFO]: Loading Minecraft 1.19.4 with Fabric Loader 0.14.19
[09:14:51] [ForkJoinPool-1-worker-1/WARN]: The mod "moreculling" contains invalid entries in its mod json:
- Unsupported root entry "embedded" at line 35 column 13
[09:14:51] [main/INFO]: Dependencies overridden for minecraft, optigui, fabricloader, cem
[09:14:52] [main/WARN]: Warnings were found!
 - 'Minecraft' (minecraft) 1.19.4 recommends any version after 4.8.0 of Fabulously Optimized, which is missing!
	 - You should install any version after 4.8.0 of Fabulously Optimized for the optimal experience.
[09:14:52] [main/INFO]: Loading 146 mods:
	- advancementinfo 1.19.4-fabric0.76.0-1.3.1
	- animatica 0.5+1.19
	- antighost 1.19.3-fabric0.68.1-1.1.5
	   \-- crowdin-translate 1.4+1.19.3
	- bettermounthud 1.2.1
	- borderlessmining 1.1.7+1.19.4
	- capes 1.5.2+1.19.3
	- citresewn 1.1.3+1.19.4
	   \-- citresewn-defaults 1.1.3+1.19.4
	- cloth-config 10.0.96
	   \-- cloth-basic-math 0.6.1
	- continuity 3.0.0-beta.2+1.19.3
	- debugify 1.19.4+2.1
	   \-- com_github_llamalad7_mixinextras 0.2.0-beta.6
	- dynamicfps 2.2.0
	   \-- com_moandjiezana_toml_toml4j 0.7.2
	- e4mc_minecraft 3.0.0
	   \-- org_java-websocket_java-websocket 1.5.3
	- entity_model_features 0.2.5
	- entity_texture_features 4.3.5
	   \-- org_apache_httpcomponents_httpmime 4.5.10
	- entityculling 1.6.2-mc1.19.4
	- fabric-api 0.78.0+1.19.4
	   |-- fabric-api-base 0.4.23+9ff28bcef4
	   |-- fabric-api-lookup-api-v1 1.6.24+49abcf7ef4
	   |-- fabric-biome-api-v1 13.0.6+348a9c64f4
	   |-- fabric-block-api-v1 1.0.5+e022e5d1f4
	   |-- fabric-blockrenderlayer-v1 1.1.33+c2e6f674f4
	   |-- fabric-client-tags-api-v1 1.0.14+1134c5b8f4
	   |-- fabric-command-api-v1 1.2.26+f71b366ff4
	   |-- fabric-command-api-v2 2.2.5+e719b857f4
	   |-- fabric-commands-v0 0.2.43+df3654b3f4
	   |-- fabric-containers-v0 0.1.53+df3654b3f4
	   |-- fabric-content-registries-v0 3.5.8+ae0966baf4
	   |-- fabric-convention-tags-v1 1.4.0+9a7c5daaf4
	   |-- fabric-crash-report-info-v1 0.2.14+aeb40ebef4
	   |-- fabric-data-generation-api-v1 11.3.7+5da15ca1f4
	   |-- fabric-dimensions-v1 2.1.44+7f87f8faf4
	   |-- fabric-entity-events-v1 1.5.12+e45f7c65f4
	   |-- fabric-events-interaction-v0 0.4.42+a1ccd7bff4
	   |-- fabric-events-lifecycle-v0 0.2.51+df3654b3f4
	   |-- fabric-game-rule-api-v1 1.0.32+a1ccd7bff4
	   |-- fabric-item-api-v1 2.1.16+09a3510cf4
	   |-- fabric-item-group-api-v1 3.0.4+043f9acff4
	   |-- fabric-key-binding-api-v1 1.0.32+c477957ef4
	   |-- fabric-keybindings-v0 0.2.30+df3654b3f4
	   |-- fabric-lifecycle-events-v1 2.2.14+5da15ca1f4
	   |-- fabric-loot-api-v2 1.1.26+75e98211f4
	   |-- fabric-loot-tables-v1 1.1.30+9e7660c6f4
	   |-- fabric-message-api-v1 5.1.0+1ee8be40f4
	   |-- fabric-mining-level-api-v1 2.1.38+49abcf7ef4
	   |-- fabric-models-v0 0.3.29+11ba9c3bf4
	   |-- fabric-networking-api-v1 1.3.0+a6f3ccfaf4
	   |-- fabric-networking-v0 0.3.40+df3654b3f4
	   |-- fabric-object-builder-api-v1 7.0.2+63b515f4f4
	   |-- fabric-particles-v1 1.0.22+f1e4495bf4
	   |-- fabric-recipe-api-v1 1.0.7+a1ccd7bff4
	   |-- fabric-registry-sync-v0 2.1.3+a383ab97f4
	   |-- fabric-renderer-api-v1 2.2.4+81e8c576f4
	   |-- fabric-renderer-indigo 1.1.0+81e8c576f4
	   |-- fabric-renderer-registries-v1 3.2.37+df3654b3f4
	   |-- fabric-rendering-data-attachment-v1 0.3.27+afca2f3ef4
	   |-- fabric-rendering-fluids-v1 3.0.20+f1e4495bf4
	   |-- fabric-rendering-v0 1.1.40+df3654b3f4
	   |-- fabric-rendering-v1 2.1.0+8f878217f4
	   |-- fabric-resource-conditions-api-v1 2.3.0+e6c7d4eef4
	   |-- fabric-resource-loader-v0 0.11.1+1e1fb126f4
	   |-- fabric-screen-api-v1 1.0.44+8c25edb4f4
	   |-- fabric-screen-handler-api-v1 1.3.19+5da15ca1f4
	   |-- fabric-sound-api-v1 1.0.8+75e98211f4
	   |-- fabric-transfer-api-v1 3.1.0+d51205dbf4
	   \-- fabric-transitive-access-wideners-v1 3.0.2+63b515f4f4
	- fabric-language-kotlin 1.9.3+kotlin.1.8.20
	   |-- org_jetbrains_kotlin_kotlin-reflect 1.8.20
	   |-- org_jetbrains_kotlin_kotlin-stdlib 1.8.20
	   |-- org_jetbrains_kotlin_kotlin-stdlib-jdk7 1.8.20
	   |-- org_jetbrains_kotlin_kotlin-stdlib-jdk8 1.8.20
	   |-- org_jetbrains_kotlinx_atomicfu-jvm 0.20.1
	   |-- org_jetbrains_kotlinx_kotlinx-coroutines-core-jvm 1.6.4
	   |-- org_jetbrains_kotlinx_kotlinx-coroutines-jdk8 1.6.4
	   |-- org_jetbrains_kotlinx_kotlinx-datetime-jvm 0.4.0
	   |-- org_jetbrains_kotlinx_kotlinx-serialization-cbor-jvm 1.5.0
	   |-- org_jetbrains_kotlinx_kotlinx-serialization-core-jvm 1.5.0
	   \-- org_jetbrains_kotlinx_kotlinx-serialization-json-jvm 1.5.0
	- fabricloader 0.14.19
	- fabricskyboxes 0.6.5+mc1.19.4
	- fabrishot 1.9.1
	- fastquit 2.1.0+1.19.3
	- ferritecore 5.2.0
	- fsb-interop 1.2.0+mc1.19.4-build.31
	- holdthatchunk 2.0.1
	- immediatelyfast 1.1.12
	   \-- net_lenni0451_reflect 1.1.0
	- indium 1.0.15+mc1.19.4
	- iris 1.6.1
	   |-- io_github_douira_glsl-transformer 2.0.0-pre12
	   |-- org_anarres_jcpp 1.4.14
	   \-- org_antlr_antlr4-runtime 4.11.1
	- isxander-main-menu-credits 1.1.1
	- java 17
	- lambdynlights 2.3.0+1.19.4
	   |-- pride 1.2.0+1.19.4
	   \-- spruceui 4.2.0+1.19.4
	- languagereload 1.5.5+1.19.4
	- lithium 0.11.1
	- memoryleakfix 1.0.0
	- midnightcontrols 1.8.1+1.19.4
	   |-- midnightlib 1.2.1
	   |-- org_aperlambda_lambdajcommon 1.8.1
	   \-- spruceui 4.2.0+1.19.4
	- minecraft 1.19.4
	- mixintrace 1.1.1+1.17
	- modelfix 1.10
	- modmenu 6.2.0
	   |-- fabric-api-base 0.4.23+9ff28bcef4
	   |-- fabric-key-binding-api-v1 1.0.32+c477957ef4
	   |-- fabric-lifecycle-events-v1 2.2.14+5da15ca1f4
	   \-- fabric-screen-api-v1 1.0.44+8c25edb4f4
	- morechathistory 1.1.1
	- moreculling 1.19.4-0.17.0
	   \-- conditional-mixin 0.3.2
	- nochatreports 1.19.4-v2.1.1
	- nofade 1.18-2.0.1
	- optigui 2.0.0-beta.3
	   |-- optiglue 2.0.0-beta.3-mc.1.19.4
	   \-- org_apache_commons_commons-text 1.10.0
	- plasmovoice 2.0.3
	   |-- aopalliance_aopalliance 1.0
	   |-- com_google_inject_guice 5.0.1
	   |-- fabric-permissions-api-v0 0.2-SNAPSHOT
	   |-- javax_inject_javax_inject 1
	   |-- universalcraft 262
	   \-- ustats 1.0.0
	- puzzle 1.5.0+1.19.4
	   |-- midnightlib 1.2.1
	   |-- puzzle-base 1.5.0+1.19.4
	   |-- puzzle-gui 1.5.0+1.19.4
	   |-- puzzle-models 1.5.0+1.19.4
	   \-- puzzle-splashscreen 1.5.0+1.19.4
	- reeses-sodium-options 1.5.0+mc1.19.4-build.72
	- sodium 0.4.10+build.24
	- sodium-extra 0.4.18+mc1.19.4-build.100
	   |-- caffeineconfig 1.1.0+1.17
	   \-- crowdin-translate 1.4+1.19.3
	- starlight 1.1.1+fabric.ae22326
	- yet-another-config-lib 2.4.1
	- yosbr 0.1.1
	- zoomify 2.9.4
	   |-- com_akuleshov7_ktoml-core-jvm 0.4.1
	   |-- dev_isxander_settxi_settxi-core 2.10.6
	   |-- dev_isxander_settxi_settxi-gui 2.10.6
	   |-- dev_isxander_settxi_settxi-kotlinx-serialization 2.10.6
	   \-- settxi-gui-yacl 2.10.6
[09:14:53] [main/INFO]: SpongePowered MIXIN Subsystem Version=0.8.5 Source=file:/C:/Users/SPAWNRYS/Desktop/TL%20FNAFShield%20Edition/game/libraries/net/fabricmc/sponge-mixin/0.12.4+mixin.0.8.5/sponge-mixin-0.12.4+mixin.0.8.5.jar Service=Knot/Fabric Env=CLIENT
[09:14:53] [main/INFO]: Compatibility level set to JAVA_16
[09:14:53] [main/INFO]: Compatibility level set to JAVA_17
[09:14:57] [main/INFO]: Preloading Debugify
[09:14:58] [main/INFO]: Loaded configuration file for Lithium: 114 options available, 1 override(s) found
[09:14:59] [main/INFO]: Loaded configuration file for Sodium: 33 options available, 3 override(s) found
[09:14:59] [main/INFO]: Loaded configuration file for Sodium Extra: 28 options available, 0 override(s) found
[09:15:01] [main/WARN]: Force disabled MC-121772 because it only applies to OS: MAC
[09:15:01] [main/WARN]: Force disabled MC-122477 because it only applies to OS: LINUX
[09:15:02] [main/WARN]: Force disabled MC-59810 because it only applies to OS: MAC
[09:15:06] [main/WARN]: Error loading class: nukeduck/armorchroma/GuiArmor (java.lang.ClassNotFoundException: nukeduck/armorchroma/GuiArmor)
[09:15:07] [main/WARN]: Force-disabling mixin 'alloc.blockstate.StateMixin' as rule 'mixin.alloc.blockstate' (added by mods [ferritecore]) disables it and children
[09:15:07] [main/WARN]: Error loading class: net/dorianpb/cem/internal/config/CemConfig (java.lang.ClassNotFoundException: net/dorianpb/cem/internal/config/CemConfig)
[09:15:07] [main/WARN]: @Mixin target net.dorianpb.cem.internal.config.CemConfig was not found puzzle-gui.mixins.json:CemConfigAccessor from mod puzzle-gui
[09:15:07] [main/WARN]: Force-disabling mixin 'features.entity.fast_render.MixinCuboid' as rule 'mixin.features.entity.fast_render' (added by mods [iris]) disables it and children
[09:15:07] [main/WARN]: Force-disabling mixin 'features.entity.fast_render.MixinModelPart' as rule 'mixin.features.entity.fast_render' (added by mods [iris]) disables it and children
[09:15:07] [main/WARN]: Force-disabling mixin 'features.gui.font.MixinGlyphRenderer' as rule 'mixin.features.gui.font' (added by mods [iris]) disables it and children
[09:15:07] [main/WARN]: Force-disabling mixin 'features.sky.MixinWorldRenderer' as rule 'mixin.features.sky' (added by mods [iris]) disables it and children
[09:15:07] [main/INFO]: [MemoryLeakFix] Will be applying 3 memory leak fixes!
[09:15:07] [main/INFO]: [MemoryLeakFix] Currently enabled memory leak fixes: [targetEntityLeak, biomeTemperatureLeak, hugeScreenshotLeak]
[09:15:08] [main/WARN]: Error loading class: org/jetbrains/annotations/ApiStatus$Internal (java.lang.ClassNotFoundException: org/jetbrains/annotations/ApiStatus$Internal)
[09:15:18] [main/INFO]: Mixing common.MixinFriendlyByteBuf from mixins/common/nochatreports.mixins.json into net.minecraft.class_2540
[09:15:18] [main/INFO]: Renaming synthetic method lambda$onWriteJsonWithCodec$1(Ljava/lang/Object;Ljava/lang/String;)Lio/netty/handler/codec/EncoderException; to md80c7dd$nochatreports$lambda$onWriteJsonWithCodec$1$0 in mixins/common/nochatreports.mixins.json:common.MixinFriendlyByteBuf from mod nochatreports
[09:15:18] [main/INFO]: Renaming synthetic method lambda$onReadJsonWithCodec$0(Ljava/lang/String;)Lio/netty/handler/codec/DecoderException; to md80c7dd$nochatreports$lambda$onReadJsonWithCodec$0$1 in mixins/common/nochatreports.mixins.json:common.MixinFriendlyByteBuf from mod nochatreports
[09:15:38] [Render thread/INFO]: Launching a new process to probe the system configuration!
[09:15:39] [Render thread/INFO]: OpenGL Vendor: NVIDIA Corporation
[09:15:39] [Render thread/INFO]: OpenGL Renderer: NVIDIA GeForce GTX 1050 Ti/PCIe/SSE2
[09:15:39] [Render thread/INFO]: OpenGL Version: 3.3.0 NVIDIA 527.56
[09:15:39] [Render thread/WARN]: Enabling workaround for NVIDIA graphics drivers on Windows (issue #1486)
[09:15:39] [Render thread/WARN]: One or more workarounds were enabled to prevent crashes or other issues on your system. You may need to update your graphics drivers.
[09:15:39] [Render thread/INFO]: Mixing client.MixinMinecraft from mixins/common/nochatreports.mixins.json into net.minecraft.class_310
[09:15:39] [Render thread/INFO]: Mixing client.MixinMinecraft from mixins/fabric/nochatreports-fabric.mixins.json into net.minecraft.class_310
[09:15:40] [Render thread/INFO]: Mixing client.MixinTitleScreen from mixins/common/nochatreports.mixins.json into net.minecraft.class_442
[09:15:40] [Render thread/INFO]: Mixing client.MixinChatScreen from mixins/common/nochatreports.mixins.json into net.minecraft.class_408
[09:15:40] [Render thread/INFO]: Renaming synthetic method lambda$onInit$4()Lnet/minecraft/class_2561; to md80c7dd$nochatreports$lambda$onInit$4$1 in mixins/common/nochatreports.mixins.json:client.MixinChatScreen from mod nochatreports
[09:15:40] [Render thread/INFO]: Renaming synthetic method lambda$onInit$3(Lnet/minecraft/class_4185;)V to md80c7dd$nochatreports$lambda$onInit$3$2 in mixins/common/nochatreports.mixins.json:client.MixinChatScreen from mod nochatreports
[09:15:40] [Render thread/INFO]: Renaming synthetic method lambda$onInit$2()Lnet/minecraft/class_2561; to md80c7dd$nochatreports$lambda$onInit$2$3 in mixins/common/nochatreports.mixins.json:client.MixinChatScreen from mod nochatreports
[09:15:40] [Render thread/INFO]: Renaming synthetic method lambda$onInit$1(Lnet/minecraft/class_4185;)V to md80c7dd$nochatreports$lambda$onInit$1$4 in mixins/common/nochatreports.mixins.json:client.MixinChatScreen from mod nochatreports
[09:15:40] [Render thread/INFO]: Renaming synthetic method lambda$onBeforeMessage$0(Ljava/lang/String;Lorg/spongepowered/asm/mixin/injection/callback/CallbackInfoReturnable;Lcom/aizistral/nochatreports/common/encryption/Encryptor;)V to md80c7dd$nochatreports$lambda$onBeforeMessage$0$5 in mixins/common/nochatreports.mixins.json:client.MixinChatScreen from mod nochatreports
[09:15:41] [Render thread/INFO]: Environment: authHost='https://authserver.mojang.com', accountsHost='https://api.mojang.com', sessionHost='https://sessionserver.mojang.com', servicesHost='https://api.minecraftservices.com', name='PROD'
[09:15:41] [Render thread/INFO]: Mixing client.MixinYggdrasilUserApiService from mixins/common/nochatreports.mixins.json into com.mojang.authlib.yggdrasil.YggdrasilUserApiService
[09:15:42] [Datafixer Bootstrap/INFO]: 180 Datafixer optimizations took 8484 milliseconds
[09:15:43] [Render thread/ERROR]: Failed to verify authentication
com.mojang.authlib.exceptions.InvalidCredentialsException: Status: 401
	at com.mojang.authlib.exceptions.MinecraftClientHttpException.toAuthenticationException(MinecraftClientHttpException.java:56) ~[authlib-3.18.38.jar:?]
	at com.mojang.authlib.yggdrasil.YggdrasilUserApiService.fetchProperties(YggdrasilUserApiService.java:156) ~[authlib-3.18.38.jar:?]
	at com.mojang.authlib.yggdrasil.YggdrasilUserApiService.<init>(YggdrasilUserApiService.java:55) ~[authlib-3.18.38.jar:?]
	at com.mojang.authlib.yggdrasil.YggdrasilAuthenticationService.createUserApiService(YggdrasilAuthenticationService.java:161) ~[authlib-3.18.38.jar:?]
	at net.minecraft.class_310.method_31382(class_310.java:732) ~[client-intermediary.jar:?]
	at net.minecraft.class_310.<init>(class_310.java:440) ~[client-intermediary.jar:?]
	at net.minecraft.client.main.Main.main(Main.java:198) ~[Fabric%201.19.4.jar:?]
	at net.fabricmc.loader.impl.game.minecraft.MinecraftGameProvider.launch(MinecraftGameProvider.java:462) ~[fabric-loader-0.14.19.jar:?]
	at net.fabricmc.loader.impl.launch.knot.Knot.launch(Knot.java:74) ~[fabric-loader-0.14.19.jar:?]
	at net.fabricmc.loader.impl.launch.knot.KnotClient.main(KnotClient.java:23) ~[fabric-loader-0.14.19.jar:?]
Caused by: com.mojang.authlib.exceptions.MinecraftClientHttpException: Status: 401
	at com.mojang.authlib.minecraft.client.MinecraftClient.readInputStream(MinecraftClient.java:87) ~[authlib-3.18.38.jar:?]
	at com.mojang.authlib.minecraft.client.MinecraftClient.get(MinecraftClient.java:48) ~[authlib-3.18.38.jar:?]
	at com.mojang.authlib.yggdrasil.YggdrasilUserApiService.fetchProperties(YggdrasilUserApiService.java:129) ~[authlib-3.18.38.jar:?]
	... 8 more
[09:15:43] [Render thread/INFO]: Setting user: set_your_nickname
[09:15:43] [Render thread/INFO]: Mixing client.MixinToastComponent from mixins/common/nochatreports.mixins.json into net.minecraft.class_374
[09:15:43] [Render thread/INFO]: Saving config because the loaded bug fixes are different to stored json.
[09:15:43] [Render thread/INFO]: Saving Debugify
[09:15:43] [Render thread/INFO]: Enabled 10 bug fixes: [MC-577, MC-59810, MC-89146, MC-90683, MC-112730, MC-121772, MC-122477, MC-140646, MC-199467, MC-237493]
[09:15:43] [Render thread/INFO]: Successfully Debugify'd your game!
[09:15:46] [Render thread/INFO]: Mixing server.MixinServerGamePacketListenerImpl from mixins/common/nochatreports.mixins.json into net.minecraft.class_3244
[09:15:46] [Render thread/INFO]: [MidnightControls] Initializing MidnightControls...
[09:15:46] [Render thread/INFO]: KONNICHIWA ZA WARUDO!
[09:15:46] [Render thread/INFO]: Default JVM text encoding is: UTF-8
[09:15:46] [Render thread/INFO]: Reading config file NoChatReports/NCR-Common.json...
[09:15:46] [Render thread/INFO]: Reading config file NoChatReports/NCR-Client.json...
[09:15:46] [Render thread/INFO]: Reading config file NoChatReports/NCR-ServerPreferences.json...
[09:15:46] [Render thread/INFO]: Reading config file NoChatReports/NCR-Encryption.json...
[09:15:46] [Render thread/INFO]: Writing config file NoChatReports/NCR-Common.json...
[09:15:46] [Render thread/INFO]: Writing config file NoChatReports/NCR-Client.json...
[09:15:46] [Render thread/INFO]: Writing config file NoChatReports/NCR-ServerPreferences.json...
[09:15:46] [Render thread/INFO]: Writing config file NoChatReports/NCR-Encryption.json...
[09:15:46] [Render thread/INFO]: Client initialization...
[09:15:46] [Render thread/INFO]: Mixing client.MixinClientPacketListener from mixins/common/nochatreports.mixins.json into net.minecraft.class_634
[09:15:46] [Render thread/INFO]: NoFadeIn is running
[09:15:46] [Render thread/INFO]: AdvancementInfo initialized
[09:15:47] [Render thread/INFO]: Trying to read config file...
[09:15:47] [Render thread/INFO]: A config file was found, loading it..
[09:15:47] [Render thread/INFO]: Successfully loaded config file.
[09:15:47] [Render thread/INFO]: [citresewn] Registering CIT Conditions
[09:15:48] [Render thread/INFO]: [citresewn] Registering CIT Types
[09:15:48] [Render thread/INFO]: Re-caching descriptions because json doesn't match config.
[09:15:48] [Render thread/INFO]: Connecting to 'bugs.mojang.com' to cache bug descriptions!
[09:15:48] [Render thread/INFO]: [Entity Model Features]: Loading! 1.19.3
[09:15:48] [Render thread/WARN]: Static binding violation: PRIVATE @Overwrite method method_22702 in mixins.iris.compat.sodium.json:fast_render.MixinModelPart from mod iris cannot reduce visibiliy of PROTECTED target method, visibility will be upgraded.
[09:15:48] [Render thread/INFO]: Loading Entity Texture Features, Thank you for 4 Million downloads :)
[09:15:49] [Render thread/INFO]: [Indigo] Different rendering plugin detected; not applying Indigo.
[09:15:49] [Render thread/INFO]: [FastQuit] Initialized
[09:15:49] [Render thread/WARN]: [holdthatchunk] Could not parse chunkUnloadDistance option
[09:15:49] [Render thread/INFO]: Loading ImmediatelyFast 1.1.12
[09:15:49] [Render thread/INFO]: Found Iris 1.6.1. Enabling compatibility.
[09:15:50] [Render thread/WARN]: Static binding violation: PRIVATE @Overwrite method method_23182 in sodium.mixins.json:features.item.MixinItemRenderer from mod sodium cannot reduce visibiliy of PUBLIC target method, visibility will be upgraded.
[09:15:50] [Render thread/INFO]: [LambDynLights] Initializing LambDynamicLights...
[09:15:50] [Render thread/INFO]: [LambDynLights] Configuration loaded.
[09:15:50] [Render thread/INFO]: OptiGlue 2.0.0-beta.3-mc.1.19.4 initialized in Minecraft 1.19.4.
[09:15:50] [Render thread/INFO]: OptiGUI 2.0.0-beta.3 initialized in Minecraft 1.19.4.
[09:15:51] [Render thread/INFO]: Mixing client.MixinOptions from mixins/common/nochatreports.mixins.json into net.minecraft.class_315
[09:15:51] [Render thread/INFO]: Renaming synthetic method lambda$onlyShowSecureChat$0(Ljava/lang/Boolean;)V to md80c7dd$nochatreports$lambda$onlyShowSecureChat$0$2 in mixins/common/nochatreports.mixins.json:client.MixinOptions from mod nochatreports
[09:15:51] [Render thread/INFO]: Mixing client.MixinChatComponent from mixins/common/nochatreports.mixins.json into net.minecraft.class_338
[09:15:51] [Render thread/INFO]: Renaming synthetic method lambda$modifyGUIMessage$1()V to md80c7dd$nochatreports$lambda$modifyGUIMessage$1$0 in mixins/common/nochatreports.mixins.json:client.MixinChatComponent from mod nochatreports
[09:15:51] [Render thread/INFO]: Renaming synthetic method lambda$modifyGUIMessage$0(Lnet/minecraft/class_5348;Lnet/minecraft/class_2561;)V to md80c7dd$nochatreports$lambda$modifyGUIMessage$0$1 in mixins/common/nochatreports.mixins.json:client.MixinChatComponent from mod nochatreports
[09:15:51] [Render thread/INFO]: Mixing client.MixinGuiMessageTagIcon from mixins/common/nochatreports.mixins.json into net.minecraft.class_7591$class_7592
[09:15:51] [Render thread/INFO]: Renaming @Invoker method create(Ljava/lang/String;IIIII)Lnet/minecraft/class_7591$class_7592; to create$nochatreports_$md$80c7dd$0 in mixins/common/nochatreports.mixins.json:client.MixinGuiMessageTagIcon from mod nochatreports
[09:15:52] [Render thread/INFO]: Backend library: LWJGL version 3.3.1 SNAPSHOT
[09:15:53] [Render thread/INFO]: Debug functionality is disabled.
[09:15:53] [Render thread/INFO]: ARB_direct_state_access detected, enabling DSA.
[09:15:53] [Render thread/INFO]: Shaders are disabled because enableShaders is set to false in iris.properties
[09:15:53] [Render thread/INFO]: Shaders are disabled
[09:15:55] [Render thread/INFO]: Hardware information:
[09:15:55] [Render thread/INFO]: CPU: 12x AMD Ryzen 5 1600 Six-Core Processor 
[09:15:55] [Render thread/INFO]: GPU: NVIDIA GeForce GTX 1050 Ti/PCIe/SSE2 (Supports OpenGL 3.2.0 NVIDIA 527.56)
[09:15:55] [Render thread/INFO]: OS: Windows 10 (10.0)
[09:15:58] [Render thread/INFO]: Narrator library for x64 successfully loaded
[09:15:58] [Render thread/INFO]: Mixing client.MixinChatListener from mixins/common/nochatreports.mixins.json into net.minecraft.class_7594
[09:15:58] [Render thread/INFO]: Reloading ResourceManager: vanilla, Fabric Mods (AdvancementInfo, Animatica, AntiGhost, Better Mount HUD, Borderless Mining, CaffeineConfig, Capes, CIT Resewn, CIT Resewn: Defaults, Cloth Config v10, conditional mixin, Continuity, Debugify, Dynamic FPS, e4mc, Entity Model Features, Entity Texture Features, EntityCulling-Fabric, Fabric API, Fabric API Base, Fabric API Lookup API (v1), Fabric Biome API (v1), Fabric Block API (v1), Fabric BlockRenderLayer Registration (v1), Fabric Client Tags, Fabric Command API (v1), Fabric Command API (v2), Fabric Commands (v0), Fabric Containers (v0), Fabric Content Registries (v0), Fabric Convention Tags, Fabric Crash Report Info (v1), Fabric Data Generation API (v1), Fabric Dimensions API (v1), Fabric Entity Events (v1), Fabric Events Interaction (v0), Fabric Events Lifecycle (v0), Fabric Game Rule API (v1), Fabric Item API (v1), Fabric Item Group API (v1), Fabric Key Binding API (v1), Fabric Key Bindings (v0), Fabric Language Kotlin, Fabric Lifecycle Events (v1), Fabric Loot API (v2), Fabric Loot Tables (v1), Fabric Message API (v1), Fabric Mining Level API (v1), Fabric Models (v0), Fabric Networking API (v1), Fabric Networking (v0), Fabric Object Builder API (v1), Fabric Particles (v1), Fabric Recipe API (v1), Fabric Registry Sync (v0), Fabric Renderer API (v1), Fabric Renderer - Indigo, Fabric Renderer Registries (v1), Fabric Rendering Data Attachment (v1), Fabric Rendering Fluids (v1), Fabric Rendering (v0), Fabric Rendering (v1), Fabric Resource Conditions API (v1), Fabric Resource Loader (v0), Fabric Screen API (v1), Fabric Screen Handler API (v1), Fabric Sound API (v1), Fabric Transfer API (v1), Fabric Transitive Access Wideners (v1), Fabric Loader, FabricSkyBoxes, Fabrishot, FastQuit, FabricSkyBoxes Interop, Hold That Chunk, ImmediatelyFast, Indium, Iris, LambDynamicLights, Language Reload, Lithium, MidnightControls, MidnightLib, MixinTrace, Mod Menu, MoreChatHistory, More Culling, No Chat Reports, No Fade, OptiGUI, Plasmo Voice, Pride Lib, Puzzle, Puzzle Base, Puzzle GUI, Puzzle Models, Puzzle Splash Screen, Reese's Sodium Options, Sodium, Sodium Extra, SpruceUI, Starlight, YetAnotherConfigLib, YOSBR, Zoomify), resourcePack.continuity.default.name, resourcePack.continuity.glass_pane_culling_fix.name, midnightcontrols/bedrock, file/Mod Menu Helper.zip, file/Chat Reporting Helper.zip, file/Fast Better Grass.zip
[09:15:58] [Render thread/INFO]: Mixing client.MixinJoinMultiplayerScreen from mixins/common/nochatreports.mixins.json into net.minecraft.class_500
[09:15:58] [Render thread/INFO]: Renaming synthetic method lambda$onInit$2()Lnet/minecraft/class_2561; to md80c7dd$nochatreports$lambda$onInit$2$0 in mixins/common/nochatreports.mixins.json:client.MixinJoinMultiplayerScreen from mod nochatreports
[09:15:58] [Render thread/INFO]: Renaming synthetic method lambda$onInit$1(Lnet/minecraft/class_4185;)V to md80c7dd$nochatreports$lambda$onInit$1$1 in mixins/common/nochatreports.mixins.json:client.MixinJoinMultiplayerScreen from mod nochatreports
[09:15:58] [Render thread/INFO]: Renaming synthetic method lambda$onInit$0(Lnet/minecraft/class_4185;)V to md80c7dd$nochatreports$lambda$onInit$0$2 in mixins/common/nochatreports.mixins.json:client.MixinJoinMultiplayerScreen from mod nochatreports
[09:15:58] [Render thread/ERROR]: [citresewn] Caution! Broken paths is enabled!
[09:15:58] [Render thread/INFO]: Creating pipeline for dimension OVERWORLD
[09:15:59] [Render thread/INFO]: [MidnightControls] Configuration loaded.
[09:15:59] [Render thread/INFO]: [MidnightControls] Updating controller mappings...
[09:15:59] [Realms Notification Availability checker #1/INFO]: Could not authorize you against Realms server: Invalid session id
[09:16:00] [Render thread/INFO]: Cached all modded block culling states
[09:16:00] [Render thread/INFO]: [MemoryLeakFix] Attempting to ForceLoad All Mixins and clear cache
[09:16:01] [Render thread/WARN]: Injection warning: LVT in net/minecraft/class_922::method_24302(Lnet/minecraft/class_1309;ZZZ)Lnet/minecraft/class_1921; has incompatible changes at opcode 122 in callback entity_texture_features-common.mixins.json:entity.renderer.MixinLivingEntityRenderer from mod entity_texture_features->@Inject::etf$renderLayerAlter(Lnet/minecraft/class_1309;ZZZLorg/spongepowered/asm/mixin/injection/callback/CallbackInfoReturnable;Lnet/minecraft/class_2960;)V.
 Expected: [Lnet/minecraft/class_2960;]
    Found: []
Available: []
[09:16:04] [Render thread/INFO]: Mixing server.MixinServerboundChatCommandPacket from mixins/common/nochatreports.mixins.json into net.minecraft.class_7472
[09:16:04] [Render thread/INFO]: Mixing client.MixinGuiMessageTag from mixins/common/nochatreports.mixins.json into net.minecraft.class_7591
[09:16:04] [Render thread/INFO]: Mixing server.MixinServerboundChatPacket from mixins/common/nochatreports.mixins.json into net.minecraft.class_2797
[09:16:05] [Render thread/INFO]: Mixing client.MixinOnlineServerEntry from mixins/common/nochatreports.mixins.json into net.minecraft.class_4267$class_4270
[09:16:05] [Render thread/INFO]: Renaming synthetic method lambda$onRender$0()Ljava/util/ArrayList; to md80c7dd$nochatreports$lambda$onRender$0$0 in mixins/common/nochatreports.mixins.json:client.MixinOnlineServerEntry from mod nochatreports
[09:16:06] [Render thread/INFO]: Mixing common.MixinServerStatus from mixins/common/nochatreports.mixins.json into net.minecraft.class_2926
[09:16:06] [Render thread/INFO]: Mixing client.MixinPlayerEntry from mixins/common/nochatreports.mixins.json into net.minecraft.class_5519
[09:16:06] [Render thread/INFO]: Renaming synthetic method lambda$onConstructed$0(Lnet/minecraft/class_4185;)V to md80c7dd$nochatreports$lambda$onConstructed$0$0 in mixins/common/nochatreports.mixins.json:client.MixinPlayerEntry from mod nochatreports
[09:16:07] [Render thread/INFO]: Mixing server.MixinPlayerList from mixins/common/nochatreports.mixins.json into net.minecraft.class_3324
[09:16:10] [Render thread/INFO]: Mixing server.MixinServerboundChatSessionUpdatePacket from mixins/common/nochatreports.mixins.json into net.minecraft.class_7861
[09:16:10] [Render thread/INFO]: Mixing client.MixinRealmsConnect from mixins/common/nochatreports.mixins.json into net.minecraft.class_4902
[09:16:11] [Render thread/INFO]: Mixing client.MixinRowHelper from mixins/common/nochatreports.mixins.json into net.minecraft.class_7845$class_7939
[09:16:11] [Render thread/INFO]: Mixing client.MixinConnectScreen from mixins/common/nochatreports.mixins.json into net.minecraft.class_412
[09:16:12] [Render thread/INFO]: Mixing client.MixinServerData from mixins/common/nochatreports.mixins.json into net.minecraft.class_642
[09:16:12] [Render thread/INFO]: Mixing client.MixinChatOptionsScreen from mixins/common/nochatreports.mixins.json into net.minecraft.class_404
[09:16:12] [Render thread/INFO]: Renaming synthetic method lambda$init$0(Lnet/minecraft/class_339;)V to md80c7dd$nochatreports$lambda$init$0$0 in mixins/common/nochatreports.mixins.json:client.MixinChatOptionsScreen from mod nochatreports
[09:16:12] [Render thread/INFO]: Mixing client.MixinServerStatusPinger$1 from mixins/common/nochatreports.mixins.json into net.minecraft.class_644$1
[09:16:12] [Render thread/INFO]: Mixing client.MixinServerStatusPinger$1 from mixins/fabric/nochatreports-fabric.mixins.json into net.minecraft.class_644$1
[09:16:12] [Render thread/INFO]: Common mixin into ServerStatusPinger$1 succeeded.
[09:16:12] [Render thread/INFO]: Fabric mixin into ServerStatusPinger$1 succeeded.
[09:16:12] [Render thread/INFO]: [MemoryLeakFix] Done ForceLoad and clearing SpongePowered cache
[09:16:12] [Render thread/INFO]: Game entered main loop!
[09:16:15] [Render thread/INFO]: Language is not set. Setting it to system language
[09:16:16] [Render thread/WARN]: getErrorETFTexture() was called, investigate this if called more than once
[09:16:16] [Render thread/INFO]: emissive suffixes loaded: {_e}
[09:16:16] [Render thread/INFO]: emissive suffixes loaded: {_e}
[09:16:16] [Render thread/WARN]: Missing sound for event: minecraft:item.brush.brushing
[09:16:16] [Render thread/WARN]: Missing sound for event: minecraft:item.brush.brush_sand_completed
[09:16:16] [Render thread/WARN]: Missing sound for event: minecraft:item.goat_horn.play
[09:16:16] [Render thread/WARN]: Missing sound for event: minecraft:entity.goat.screaming.horn_break
[09:16:16] [Render thread/WARN]: Missing sound for event: minecraft:music.overworld.cherry_grove
[09:16:16] [Render thread/INFO]: OpenAL initialized on device OpenAL Soft on Наушники (Haylou GT7 Stereo)
[09:16:16] [Render thread/INFO]: Sound engine started
[09:16:16] [Render thread/INFO]: Created: 1024x1024x4 minecraft:textures/atlas/blocks.png-atlas
[09:16:16] [Render thread/INFO]: Created: 256x256x4 minecraft:textures/atlas/signs.png-atlas
[09:16:16] [Render thread/INFO]: Created: 512x512x4 minecraft:textures/atlas/shield_patterns.png-atlas
[09:16:16] [Render thread/INFO]: Created: 512x512x4 minecraft:textures/atlas/banner_patterns.png-atlas
[09:16:16] [Render thread/INFO]: Created: 1024x1024x4 minecraft:textures/atlas/armor_trims.png-atlas
[09:16:16] [Render thread/INFO]: Created: 64x64x4 minecraft:textures/atlas/decorated_pot.png-atlas
[09:16:16] [Render thread/INFO]: Created: 256x256x4 minecraft:textures/atlas/chest.png-atlas
[09:16:16] [Render thread/INFO]: Created: 512x256x4 minecraft:textures/atlas/shulker_boxes.png-atlas
[09:16:16] [Render thread/INFO]: Created: 512x256x4 minecraft:textures/atlas/beds.png-atlas
[09:16:16] [Render thread/ERROR]: Invalid path minecraft:optifine/cem/parrot_?shoulder2?.jem: Invalid segment 'parrot_?shoulder2?.jem' in path 'optifine/cem/parrot_?shoulder2?.jem'
[09:16:16] [Render thread/ERROR]: Invalid path minecraft:optifine/cem/parrot_?shoulder3?.jem: Invalid segment 'parrot_?shoulder3?.jem' in path 'optifine/cem/parrot_?shoulder3?.jem'
[09:16:17] [Render thread/WARN]: Shader rendertype_entity_translucent_emissive could not find sampler named Sampler2 in the specified shader program.
[09:16:17] [Render thread/INFO]: Created: 256x256x0 minecraft:textures/atlas/particles.png-atlas
[09:16:17] [Render thread/INFO]: Created: 256x256x0 minecraft:textures/atlas/paintings.png-atlas
[09:16:17] [Render thread/INFO]: Created: 128x128x0 minecraft:textures/atlas/mob_effects.png-atlas
[09:16:18] [Render thread/WARN]: Removing existing FSB skies...
[09:16:18] [Render thread/WARN]: FSB-Interop is converting MCPatcher/OptiFine custom skies resource packs! Any visual bugs are likely caused by FSB-Interop. Please do not report these issues to FabricSkyBoxes nor Resource Pack creators!
[09:16:18] [Render thread/INFO]: Looking for OptiFine/MCPatcher Skies...
[09:20:26] [Render thread/INFO]: Flushed changes to Minecraft configuration
[09:20:26] [Render thread/INFO]: Flushed changes to Minecraft configuration
[09:20:35] [Render thread/WARN]: Missing sound for event: minecraft:item.brush.brushing
[09:20:35] [Render thread/WARN]: Missing sound for event: minecraft:item.brush.brush_sand_completed
[09:20:35] [Render thread/WARN]: Missing sound for event: minecraft:item.goat_horn.play
[09:20:35] [Render thread/WARN]: Missing sound for event: minecraft:entity.goat.screaming.horn_break
[09:20:35] [Render thread/WARN]: Missing sound for event: minecraft:music.overworld.cherry_grove
[09:20:36] [Render thread/INFO]: OpenAL initialized on device OpenAL Soft on Наушники (Haylou GT7 Stereo)
[09:20:36] [Render thread/INFO]: Sound engine started
[09:35:39] [Render thread/INFO]: Audio device was lost!
[09:35:39] [Render thread/WARN]: Missing sound for event: minecraft:item.brush.brushing
[09:35:39] [Render thread/WARN]: Missing sound for event: minecraft:item.brush.brush_sand_completed
[09:35:39] [Render thread/WARN]: Missing sound for event: minecraft:item.goat_horn.play
[09:35:39] [Render thread/WARN]: Missing sound for event: minecraft:entity.goat.screaming.horn_break
[09:35:39] [Render thread/WARN]: Missing sound for event: minecraft:music.overworld.cherry_grove
[09:35:39] [Render thread/INFO]: OpenAL initialized on device OpenAL Soft on Динамики (Realtek(R) Audio)
[09:35:39] [Render thread/INFO]: Sound engine started
[09:35:40] [IO-Worker-3/INFO]: System default audio device has changed!
[09:35:40] [Render thread/WARN]: Missing sound for event: minecraft:item.brush.brushing
[09:35:40] [Render thread/WARN]: Missing sound for event: minecraft:item.brush.brush_sand_completed
[09:35:40] [Render thread/WARN]: Missing sound for event: minecraft:item.goat_horn.play
[09:35:40] [Render thread/WARN]: Missing sound for event: minecraft:entity.goat.screaming.horn_break
[09:35:40] [Render thread/WARN]: Missing sound for event: minecraft:music.overworld.cherry_grove
[09:35:40] [Render thread/INFO]: OpenAL initialized on device OpenAL Soft on Динамики (Realtek(R) Audio)
[09:35:40] [Render thread/INFO]: Sound engine started
[09:36:35] [IO-Worker-3/INFO]: System default audio device has changed!
[09:36:35] [Render thread/WARN]: Missing sound for event: minecraft:item.brush.brushing
[09:36:35] [Render thread/WARN]: Missing sound for event: minecraft:item.brush.brush_sand_completed
[09:36:35] [Render thread/WARN]: Missing sound for event: minecraft:item.goat_horn.play
[09:36:35] [Render thread/WARN]: Missing sound for event: minecraft:entity.goat.screaming.horn_break
[09:36:35] [Render thread/WARN]: Missing sound for event: minecraft:music.overworld.cherry_grove
[09:36:35] [Render thread/INFO]: OpenAL initialized on device OpenAL Soft on Наушники (Haylou GT7 Stereo)
[09:36:35] [Render thread/INFO]: Sound engine started
[09:47:14] [Render thread/INFO]: Audio device was lost!
[09:47:14] [Render thread/WARN]: Missing sound for event: minecraft:item.brush.brushing
[09:47:14] [Render thread/WARN]: Missing sound for event: minecraft:item.brush.brush_sand_completed
[09:47:14] [Render thread/WARN]: Missing sound for event: minecraft:item.goat_horn.play
[09:47:14] [Render thread/WARN]: Missing sound for event: minecraft:entity.goat.screaming.horn_break
[09:47:14] [Render thread/WARN]: Missing sound for event: minecraft:music.overworld.cherry_grove
[09:47:14] [Render thread/INFO]: OpenAL initialized on device OpenAL Soft on Динамики (Realtek(R) Audio)
[09:47:14] [Render thread/INFO]: Sound engine started
[09:47:14] [IO-Worker-3/INFO]: System default audio device has changed!
[09:47:14] [Render thread/WARN]: Missing sound for event: minecraft:item.brush.brushing
[09:47:14] [Render thread/WARN]: Missing sound for event: minecraft:item.brush.brush_sand_completed
[09:47:14] [Render thread/WARN]: Missing sound for event: minecraft:item.goat_horn.play
[09:47:14] [Render thread/WARN]: Missing sound for event: minecraft:entity.goat.screaming.horn_break
[09:47:14] [Render thread/WARN]: Missing sound for event: minecraft:music.overworld.cherry_grove
[09:47:14] [Render thread/INFO]: OpenAL initialized on device OpenAL Soft on Динамики (Realtek(R) Audio)
[09:47:14] [Render thread/INFO]: Sound engine started
[15:00:52] [IO-Worker-3/INFO]: System default audio device has changed!
[15:00:52] [Render thread/WARN]: Missing sound for event: minecraft:item.brush.brushing
[15:00:52] [Render thread/WARN]: Missing sound for event: minecraft:item.brush.brush_sand_completed
[15:00:52] [Render thread/WARN]: Missing sound for event: minecraft:item.goat_horn.play
[15:00:52] [Render thread/WARN]: Missing sound for event: minecraft:entity.goat.screaming.horn_break
[15:00:52] [Render thread/WARN]: Missing sound for event: minecraft:music.overworld.cherry_grove
[15:00:52] [Render thread/INFO]: OpenAL initialized on device OpenAL Soft on Наушники (Haylou GT7 Stereo)
[15:00:52] [Render thread/INFO]: Sound engine started
[15:45:19] [Render thread/INFO]: Stopping!
[15:45:19] [Render thread/INFO]: Shutting down
[15:45:19] [CullThread/INFO]: [STDOUT]: Shutting down culling task!
[15:45:19] [Render thread/INFO]: emissive suffixes loaded: {_e}
[15:45:19] [Render thread/INFO]: [FastQuit] Exiting FastQuit.
